<?xml version="1.0" encoding="UTF-8"?>
<!-- Generated by org.testng.reporters.JUnitReportReporter -->
<testsuite hostname="QT-INNO-LT1439" failures="0" tests="1" name="com.test.Read_test" time="10.506" errors="0" timestamp="2022-03-24T19:55:20 IST" skipped="0">
  <testcase classname="com.test.Read_test" name="login_test" time="10.506"/>
  <system-out/>
</testsuite> <!-- com.test.Read_test -->
